<?xml version="1.0" encoding="UTF-8"?>
<testsuite xmlns:xsi="http://www.w3.org/2001/XMLSchema-instance" xsi:noNamespaceSchemaLocation="https://maven.apache.org/surefire/maven-surefire-plugin/xsd/surefire-test-report-3.0.xsd" version="3.0" name="TestSuite" time="64.755" tests="3" errors="0" skipped="0" failures="0">
  <properties>
[...]
</properties>
  <testcase name="runScenario[&quot;Validate login functionality&quot;, &quot;Test Orange HRM End to End PIM Page Functionality&quot;](1)" classname="TestRunner.RunnerTest" time="27.647">
    <system-err><![CDATA[Jul 18, 2024 6:16:00 PM org.openqa.selenium.devtools.CdpVersionFinder findNearestMatch
WARNING: Unable to find CDP implementation matching 126
Jul 18, 2024 6:16:00 PM org.openqa.selenium.chromium.ChromiumDriver lambda$new$5
WARNING: Unable to find version of CDP to use for 126.0.6478.182. You may need to include a dependency on a specific version of the CDP using something similar to `org.seleniumhq.selenium:selenium-devtools-v86:4.16.1` where the version ("v86") matches the version of the chromium-based browser you're using and the version number of the artifact is the same as Selenium's.
]]></system-err>
  </testcase>
  <testcase name="runScenario[&quot;Validate Home Page Functionality&quot;, &quot;Test Orange HRM End to End PIM Page Functionality&quot;](2)" classname="TestRunner.RunnerTest" time="8.521"/>
  <testcase name="runScenario[&quot;validate PIM Page Functionality&quot;, &quot;Test Orange HRM End to End PIM Page Functionality&quot;](3)" classname="TestRunner.RunnerTest" time="19.801"/>
</testsuite>